c:\users\administrator\desktop\cppcoursework\wastemanagementsystem\wastemanagementsystem\x64\release\wastemanagementsystem.pch
c:\users\administrator\desktop\cppcoursework\wastemanagementsystem\wastemanagementsystem\x64\release\vc143.pdb
c:\users\administrator\desktop\cppcoursework\wastemanagementsystem\wastemanagementsystem\x64\release\pch.obj
c:\users\administrator\desktop\cppcoursework\wastemanagementsystem\wastemanagementsystem\x64\release\imgui.obj
c:\users\administrator\desktop\cppcoursework\wastemanagementsystem\wastemanagementsystem\x64\release\imgui_impl_opengl3.obj
c:\users\administrator\desktop\cppcoursework\wastemanagementsystem\wastemanagementsystem\x64\release\imgui_impl_glfw.obj
c:\users\administrator\desktop\cppcoursework\wastemanagementsystem\wastemanagementsystem\x64\release\fileio.obj
c:\users\administrator\desktop\cppcoursework\wastemanagementsystem\wastemanagementsystem\x64\release\uimanager.obj
c:\users\administrator\desktop\cppcoursework\wastemanagementsystem\wastemanagementsystem\x64\release\routecomparisonpanel.obj
c:\users\administrator\desktop\cppcoursework\wastemanagementsystem\wastemanagementsystem\x64\release\mapvisualization.obj
c:\users\administrator\desktop\cppcoursework\wastemanagementsystem\wastemanagementsystem\x64\release\mainwindow.obj
c:\users\administrator\desktop\cppcoursework\wastemanagementsystem\wastemanagementsystem\x64\release\main.obj
c:\users\administrator\desktop\cppcoursework\wastemanagementsystem\wastemanagementsystem\x64\release\wastelocation.obj
c:\users\administrator\desktop\cppcoursework\wastemanagementsystem\wastemanagementsystem\x64\release\tsproute.obj
c:\users\administrator\desktop\cppcoursework\wastemanagementsystem\wastemanagementsystem\x64\release\route.obj
c:\users\administrator\desktop\cppcoursework\wastemanagementsystem\wastemanagementsystem\x64\release\optimizedroute.obj
c:\users\administrator\desktop\cppcoursework\wastemanagementsystem\wastemanagementsystem\x64\release\nonoptimizedroute.obj
c:\users\administrator\desktop\cppcoursework\wastemanagementsystem\wastemanagementsystem\x64\release\mstroute.obj
c:\users\administrator\desktop\cppcoursework\wastemanagementsystem\wastemanagementsystem\x64\release\greedyroute.obj
c:\users\administrator\desktop\cppcoursework\wastemanagementsystem\wastemanagementsystem\x64\release\application.obj
c:\users\administrator\desktop\cppcoursework\wastemanagementsystem\wastemanagementsystem\x64\release\wastelevelpredictor.obj
c:\users\administrator\desktop\cppcoursework\wastemanagementsystem\wastemanagementsystem\x64\release\routelearningagent.obj
c:\users\administrator\desktop\cppcoursework\wastemanagementsystem\wastemanagementsystem\x64\release\locationclustering.obj
c:\users\administrator\desktop\cppcoursework\wastemanagementsystem\wastemanagementsystem\x64\release\implot_items.obj
c:\users\administrator\desktop\cppcoursework\wastemanagementsystem\wastemanagementsystem\x64\release\implot.obj
c:\users\administrator\desktop\cppcoursework\wastemanagementsystem\wastemanagementsystem\x64\release\imgui_widgets.obj
c:\users\administrator\desktop\cppcoursework\wastemanagementsystem\wastemanagementsystem\x64\release\imgui_tables.obj
c:\users\administrator\desktop\cppcoursework\wastemanagementsystem\wastemanagementsystem\x64\release\imgui_draw.obj
c:\users\administrator\desktop\cppcoursework\wastemanagementsystem\wastemanagementsystem\x64\release\imgui_demo.obj
c:\users\administrator\desktop\cppcoursework\wastemanagementsystem\wastemanagementsystem\x64\release\glad.obj
c:\users\administrator\desktop\cppcoursework\wastemanagementsystem\x64\release\wastemanagementsystem.exe
c:\users\administrator\desktop\cppcoursework\wastemanagementsystem\x64\release\wastemanagementsystem.pdb
c:\users\administrator\desktop\cppcoursework\wastemanagementsystem\wastemanagementsystem\x64\release\wastemanagementsystem.ipdb
c:\users\administrator\desktop\cppcoursework\wastemanagementsystem\wastemanagementsystem\x64\release\wastemanagementsystem.iobj
c:\users\administrator\desktop\cppcoursework\wastemanagementsystem\wastemanagementsystem\x64\release\wasteman.b7c666f7.tlog\cl.command.1.tlog
c:\users\administrator\desktop\cppcoursework\wastemanagementsystem\wastemanagementsystem\x64\release\wasteman.b7c666f7.tlog\cl.items.tlog
c:\users\administrator\desktop\cppcoursework\wastemanagementsystem\wastemanagementsystem\x64\release\wasteman.b7c666f7.tlog\cl.read.1.tlog
c:\users\administrator\desktop\cppcoursework\wastemanagementsystem\wastemanagementsystem\x64\release\wasteman.b7c666f7.tlog\cl.write.1.tlog
c:\users\administrator\desktop\cppcoursework\wastemanagementsystem\wastemanagementsystem\x64\release\wasteman.b7c666f7.tlog\link.command.1.tlog
c:\users\administrator\desktop\cppcoursework\wastemanagementsystem\wastemanagementsystem\x64\release\wasteman.b7c666f7.tlog\link.read.1.tlog
c:\users\administrator\desktop\cppcoursework\wastemanagementsystem\wastemanagementsystem\x64\release\wasteman.b7c666f7.tlog\link.secondary.1.tlog
c:\users\administrator\desktop\cppcoursework\wastemanagementsystem\wastemanagementsystem\x64\release\wasteman.b7c666f7.tlog\link.write.1.tlog
