cl : command line  warning D9025: overriding '/sdl' with '/GS-'
  pch.cpp
cl : command line  warning D9025: overriding '/sdl' with '/GS-'
  LocationClustering.cpp
C:\Users\Administrator\Desktop\cppCoursework\WasteManagementSystem\WasteManagementSystem\src\AI\LocationClustering.cpp(33,62): warning C4267: 'argument': conversion from 'size_t' to '_Ty', possible loss of data
C:\Users\Administrator\Desktop\cppCoursework\WasteManagementSystem\WasteManagementSystem\src\AI\LocationClustering.cpp(33,62): warning C4267:         with
C:\Users\Administrator\Desktop\cppCoursework\WasteManagementSystem\WasteManagementSystem\src\AI\LocationClustering.cpp(33,62): warning C4267:         [
C:\Users\Administrator\Desktop\cppCoursework\WasteManagementSystem\WasteManagementSystem\src\AI\LocationClustering.cpp(33,62): warning C4267:             _Ty=int
C:\Users\Administrator\Desktop\cppCoursework\WasteManagementSystem\WasteManagementSystem\src\AI\LocationClustering.cpp(33,62): warning C4267:         ]
C:\Users\Administrator\Desktop\cppCoursework\WasteManagementSystem\WasteManagementSystem\src\AI\LocationClustering.cpp(195,20): warning C4267: 'return': conversion from 'size_t' to 'int', possible loss of data
  RouteLearningAgent.cpp
  WasteLevelPredictor.cpp
C:\Users\Administrator\Desktop\cppCoursework\WasteManagementSystem\WasteManagementSystem\src\AI\WasteLevelPredictor.cpp(8,27): warning C4996: 'localtime': This function or variable may be unsafe. Consider using localtime_s instead. To disable deprecation, use _CRT_SECURE_NO_WARNINGS. See online help for details.
C:\Users\Administrator\Desktop\cppCoursework\WasteManagementSystem\WasteManagementSystem\src\AI\WasteLevelPredictor.cpp(14,27): warning C4996: 'localtime': This function or variable may be unsafe. Consider using localtime_s instead. To disable deprecation, use _CRT_SECURE_NO_WARNINGS. See online help for details.
C:\Users\Administrator\Desktop\cppCoursework\WasteManagementSystem\WasteManagementSystem\src\AI\WasteLevelPredictor.cpp(244,20): warning C4244: 'initializing': conversion from 'double' to 'float', possible loss of data
  Application.cpp
C:\Users\Administrator\Desktop\cppCoursework\WasteManagementSystem\WasteManagementSystem\src\Application.h(21,7): warning C4099: 'GLFWwindow': type name first seen using 'struct' now seen using 'class'
  (compiling source file 'src/Application.cpp')
      C:\Users\Administrator\Desktop\cppCoursework\WasteManagementSystem\WasteManagementSystem\vendor\glfw\include\GLFW\glfw3.h(1403,16):
      see declaration of 'GLFWwindow'
  
C:\Users\Administrator\Desktop\cppCoursework\WasteManagementSystem\WasteManagementSystem\src\Application.cpp(245,30): warning C4996: 'ctime': This function or variable may be unsafe. Consider using ctime_s instead. To disable deprecation, use _CRT_SECURE_NO_WARNINGS. See online help for details.
  GreedyRoute.cpp
C:\Users\Administrator\Desktop\cppCoursework\WasteManagementSystem\WasteManagementSystem\src\Core\GreedyRoute.cpp(60,32): warning C4267: '=': conversion from 'size_t' to 'int', possible loss of data
  MSTRoute.cpp
C:\Users\Administrator\Desktop\cppCoursework\WasteManagementSystem\WasteManagementSystem\src\Core\MSTRoute.cpp(39,11): warning C4267: 'initializing': conversion from 'size_t' to 'int', possible loss of data
C:\Program Files\Microsoft Visual Studio\2022\Community\VC\Tools\MSVC\14.43.34808\include\utility(274,16): warning C4244: 'initializing': conversion from '_Ty' to '_Ty1', possible loss of data
C:\Program Files\Microsoft Visual Studio\2022\Community\VC\Tools\MSVC\14.43.34808\include\utility(274,16): warning C4244:         with
C:\Program Files\Microsoft Visual Studio\2022\Community\VC\Tools\MSVC\14.43.34808\include\utility(274,16): warning C4244:         [
C:\Program Files\Microsoft Visual Studio\2022\Community\VC\Tools\MSVC\14.43.34808\include\utility(274,16): warning C4244:             _Ty=int
C:\Program Files\Microsoft Visual Studio\2022\Community\VC\Tools\MSVC\14.43.34808\include\utility(274,16): warning C4244:         ]
C:\Program Files\Microsoft Visual Studio\2022\Community\VC\Tools\MSVC\14.43.34808\include\utility(274,16): warning C4244:         and
C:\Program Files\Microsoft Visual Studio\2022\Community\VC\Tools\MSVC\14.43.34808\include\utility(274,16): warning C4244:         [
C:\Program Files\Microsoft Visual Studio\2022\Community\VC\Tools\MSVC\14.43.34808\include\utility(274,16): warning C4244:             _Ty1=float
C:\Program Files\Microsoft Visual Studio\2022\Community\VC\Tools\MSVC\14.43.34808\include\utility(274,16): warning C4244:         ]
  (compiling source file 'src/Core/MSTRoute.cpp')
      C:\Program Files\Microsoft Visual Studio\2022\Community\VC\Tools\MSVC\14.43.34808\include\utility(274,16):
      the template instantiation context (the oldest one first) is
          C:\Users\Administrator\Desktop\cppCoursework\WasteManagementSystem\WasteManagementSystem\src\Core\MSTRoute.cpp(64,13):
          see reference to function template instantiation 'std::pair<float,int>::pair<int,int,0>(_Other1 &&,_Other2 &&) noexcept' being compiled
          with
          [
              _Other1=int,
              _Other2=int
          ]
              C:\Users\Administrator\Desktop\cppCoursework\WasteManagementSystem\WasteManagementSystem\src\Core\MSTRoute.cpp(64,12):
              see the first reference to 'std::pair<float,int>::pair' in 'MSTRoute::BuildMST'
  
  NonOptimizedRoute.cpp
  OptimizedRoute.cpp
C:\Users\Administrator\Desktop\cppCoursework\WasteManagementSystem\WasteManagementSystem\src\Core\OptimizedRoute.cpp(111,32): warning C4267: '=': conversion from 'size_t' to 'int', possible loss of data
  Route.cpp
  TSPRoute.cpp
C:\Users\Administrator\Desktop\cppCoursework\WasteManagementSystem\WasteManagementSystem\src\Core\TSPRoute.cpp(102,32): warning C4267: '=': conversion from 'size_t' to 'int', possible loss of data
C:\Users\Administrator\Desktop\cppCoursework\WasteManagementSystem\WasteManagementSystem\src\Core\TSPRoute.cpp(145,57): warning C4267: 'argument': conversion from 'size_t' to 'int', possible loss of data
C:\Users\Administrator\Desktop\cppCoursework\WasteManagementSystem\WasteManagementSystem\src\Core\TSPRoute.cpp(145,54): warning C4267: 'argument': conversion from 'size_t' to 'int', possible loss of data
  WasteLocation.cpp
  main.cpp
C:\Users\Administrator\Desktop\cppCoursework\WasteManagementSystem\WasteManagementSystem\src\Application.h(21,7): warning C4099: 'GLFWwindow': type name first seen using 'struct' now seen using 'class'
  (compiling source file 'src/main.cpp')
      C:\Users\Administrator\Desktop\cppCoursework\WasteManagementSystem\WasteManagementSystem\vendor\glfw\include\GLFW\glfw3.h(1403,16):
      see declaration of 'GLFWwindow'
  
  MainWindow.cpp
  MapVisualization.cpp
C:\Users\Administrator\Desktop\cppCoursework\WasteManagementSystem\WasteManagementSystem\src\UI\MapVisualization.cpp(168,77): warning C4267: 'argument': conversion from 'size_t' to 'int', possible loss of data
C:\Users\Administrator\Desktop\cppCoursework\WasteManagementSystem\WasteManagementSystem\src\UI\MapVisualization.cpp(196,59): warning C4267: 'argument': conversion from 'size_t' to 'int', possible loss of data
  RouteComparisonPanel.cpp
  UIManager.cpp
C:\Users\Administrator\Desktop\cppCoursework\WasteManagementSystem\WasteManagementSystem\src\Application.h(21,7): warning C4099: 'GLFWwindow': type name first seen using 'struct' now seen using 'class'
  (compiling source file 'src/UI/UIManager.cpp')
      C:\Users\Administrator\Desktop\cppCoursework\WasteManagementSystem\WasteManagementSystem\vendor\glfw\include\GLFW\glfw3.h(1403,16):
      see declaration of 'GLFWwindow'
  
C:\Users\Administrator\Desktop\cppCoursework\WasteManagementSystem\WasteManagementSystem\src\UI\UIManager.cpp(446,77): warning C4267: 'argument': conversion from 'size_t' to 'int', possible loss of data
C:\Users\Administrator\Desktop\cppCoursework\WasteManagementSystem\WasteManagementSystem\src\UI\UIManager.cpp(474,59): warning C4267: 'argument': conversion from 'size_t' to 'int', possible loss of data
C:\Users\Administrator\Desktop\cppCoursework\WasteManagementSystem\WasteManagementSystem\src\UI\UIManager.cpp(819,75): warning C4267: 'argument': conversion from 'size_t' to 'int', possible loss of data
C:\Users\Administrator\Desktop\cppCoursework\WasteManagementSystem\WasteManagementSystem\src\UI\UIManager.cpp(1252,9): warning C4566: character represented by universal-character-name '\u00A9' cannot be represented in the current code page (936)
C:\Users\Administrator\Desktop\cppCoursework\WasteManagementSystem\WasteManagementSystem\src\UI\UIManager.cpp(1291,20): warning C4996: 'localtime': This function or variable may be unsafe. Consider using localtime_s instead. To disable deprecation, use _CRT_SECURE_NO_WARNINGS. See online help for details.
  FileIO.cpp
C:\Users\Administrator\Desktop\cppCoursework\WasteManagementSystem\WasteManagementSystem\src\Utils\FileIO.cpp(25,34): warning C4996: 'ctime': This function or variable may be unsafe. Consider using ctime_s instead. To disable deprecation, use _CRT_SECURE_NO_WARNINGS. See online help for details.
C:\Users\Administrator\Desktop\cppCoursework\WasteManagementSystem\WasteManagementSystem\src\Utils\FileIO.cpp(91,34): warning C4996: 'ctime': This function or variable may be unsafe. Consider using ctime_s instead. To disable deprecation, use _CRT_SECURE_NO_WARNINGS. See online help for details.
C:\Users\Administrator\Desktop\cppCoursework\WasteManagementSystem\WasteManagementSystem\src\Utils\FileIO.cpp(172,34): warning C4996: 'ctime': This function or variable may be unsafe. Consider using ctime_s instead. To disable deprecation, use _CRT_SECURE_NO_WARNINGS. See online help for details.
  imgui_impl_glfw.cpp
  imgui_impl_opengl3.cpp
  imgui.cpp
  Compiling...
  imgui_demo.cpp
  imgui_draw.cpp
  imgui_tables.cpp
  imgui_widgets.cpp
  implot.cpp
  implot_items.cpp
  Generating code
  Previous IPDB not found, fall back to full compilation.
  All 5164 functions were compiled because no usable IPDB/IOBJ from previous compilation was found.
  Finished generating code
  WasteManagementSystem.vcxproj -> C:\Users\Administrator\Desktop\cppCoursework\WasteManagementSystem\x64\Release\WasteManagementSystem.exe
